<?xml version="1.0" encoding="UTF-8"?>
<!-- Generated by org.testng.reporters.JUnitReportReporter -->
<testsuite hostname="localhost" name="ExtentReportingWSelenium.SingleLogUQTest" tests="1" failures="0" timestamp="7 Dec 2015 05:57:40 GMT" time="18.680" errors="0">
  <testcase name="verifyUniQreateLoginTest" time="18.680" classname="ExtentReportingWSelenium.SingleLogUQTest"/>
</testsuite> <!-- ExtentReportingWSelenium.SingleLogUQTest -->
