<?xml version="1.0" encoding="UTF-8"?>
<!-- Generated by org.testng.reporters.JUnitReportReporter -->
<testsuite hostname="localhost" name="ExtentReportingWSelenium.SingleLogTest" tests="3" failures="0" timestamp="24 Nov 2015 11:56:51 GMT" time="22.815" errors="0">
  <testcase name="failTest" time="0.101" classname="ExtentReportingWSelenium.SingleLogTest"/>
  <testcase name="passTest" time="0.023" classname="ExtentReportingWSelenium.SingleLogTest"/>
  <testcase name="verifyUniQreateScreenshot" time="22.691" classname="ExtentReportingWSelenium.SingleLogTest"/>
</testsuite> <!-- ExtentReportingWSelenium.SingleLogTest -->
