<?xml version="1.0" encoding="UTF-8"?>
<!-- Generated by org.testng.reporters.JUnitReportReporter -->
<testsuite hostname="localhost" name="uqmoduletestcases.UQRegistrationCases" tests="1" failures="0" timestamp="13 Jan 2016 13:33:53 GMT" time="19.334" errors="0">
  <testcase name="verifyAllRegistrationCases" time="19.334" classname="uqmoduletestcases.UQRegistrationCases"/>
</testsuite> <!-- uqmoduletestcases.UQRegistrationCases -->
