<?xml version="1.0" encoding="UTF-8"?>
<!-- Generated by org.testng.reporters.JUnitReportReporter -->
<testsuite hostname="localhost" name="utility.SQLConnector" tests="1" failures="0" timestamp="29 Dec 2015 09:42:15 GMT" time="14.181" errors="0">
  <testcase name="DBVerify" time="14.181" classname="utility.SQLConnector"/>
</testsuite> <!-- utility.SQLConnector -->
