<?xml version="1.0" encoding="UTF-8"?>
<!-- Generated by org.testng.reporters.JUnitReportReporter -->
<testsuite hostname="localhost" name="ScreenShot.UQScreenShot" tests="1" failures="0" timestamp="24 Nov 2015 06:07:30 GMT" time="20.945" errors="0">
  <testcase name="SaveScreenShot" time="20.945" classname="ScreenShot.UQScreenShot"/>
</testsuite> <!-- ScreenShot.UQScreenShot -->
