<?xml version="1.0" encoding="UTF-8"?>
<!-- Generated by org.testng.reporters.JUnitReportReporter -->
<testsuite hostname="localhost" name="library.UploadFileRobot" tests="1" failures="0" timestamp="17 Dec 2015 06:41:57 GMT" time="33.356" errors="0">
  <testcase name="testUpload" time="33.356" classname="library.UploadFileRobot"/>
</testsuite> <!-- library.UploadFileRobot -->
