<?xml version="1.0" encoding="UTF-8"?>
<!-- Generated by org.testng.reporters.JUnitReportReporter -->
<testsuite hostname="localhost" name="ExtentReportingWSelenium.Registration" tests="1" failures="0" timestamp="24 Nov 2015 13:39:37 GMT" time="10.588" errors="0">
  <testcase name="verifyUniQreateRegistrationTest" time="10.588" classname="ExtentReportingWSelenium.Registration"/>
</testsuite> <!-- ExtentReportingWSelenium.Registration -->
