<?xml version="1.0" encoding="UTF-8"?>
<!-- Generated by org.testng.reporters.JUnitReportReporter -->
<testsuite hostname="localhost" name="uqmoduletestcases.BulkUploadCases" tests="1" failures="0" timestamp="8 Jan 2016 13:21:30 GMT" time="43.237" errors="0">
  <testcase name="verifyBulkFileUpload" time="43.237" classname="uqmoduletestcases.BulkUploadCases"/>
</testsuite> <!-- uqmoduletestcases.BulkUploadCases -->
