<?xml version="1.0" encoding="UTF-8"?>
<!-- Generated by org.testng.reporters.JUnitReportReporter -->
<testsuite hostname="localhost" name="uqmoduletestcases.DeckDeleteCases" tests="1" failures="0" timestamp="14 Jan 2016 07:42:38 GMT" time="60.889" errors="0">
  <testcase name="VerifyDeckCreationInDatabase" time="60.889" classname="uqmoduletestcases.DeckDeleteCases"/>
</testsuite> <!-- uqmoduletestcases.DeckDeleteCases -->
