<?xml version="1.0" encoding="UTF-8"?>
<!-- Generated by org.testng.reporters.JUnitReportReporter -->
<testsuite hostname="localhost" name="reusablecases.UQRegistration" tests="1" failures="0" timestamp="8 Jan 2016 13:15:37 GMT" time="369.081" errors="0">
  <testcase name="verifyAllRegistrationCases" time="369.081" classname="reusablecases.UQRegistration"/>
</testsuite> <!-- reusablecases.UQRegistration -->
