<?xml version="1.0" encoding="UTF-8"?>
<!-- Generated by org.testng.reporters.JUnitReportReporter -->
<testsuite hostname="localhost" name="testCases.Framework_001" tests="1" failures="0" timestamp="22 Dec 2015 11:01:32 GMT" time="76.364" errors="0">
  <testcase name="main" time="76.364" classname="testCases.Framework_001"/>
</testsuite> <!-- testCases.Framework_001 -->
