<?xml version="1.0" encoding="UTF-8"?>
<!-- Generated by org.testng.reporters.JUnitReportReporter -->
<testsuite hostname="localhost" name="uqmoduletestcases.MultipleFileUploadCases" tests="1" failures="0" timestamp="13 Jan 2016 13:33:53 GMT" time="221.800" errors="0">
  <testcase name="verifyMultiFileUpload" time="221.800" classname="uqmoduletestcases.MultipleFileUploadCases"/>
</testsuite> <!-- uqmoduletestcases.MultipleFileUploadCases -->
