<?xml version="1.0" encoding="UTF-8"?>
<!-- Generated by org.testng.reporters.JUnitReportReporter -->
<testsuite hostname="localhost" name="uqmoduletestcases.UQForgotPasswordCases" tests="1" failures="0" timestamp="13 Jan 2016 13:33:53 GMT" time="36.738" errors="0">
  <testcase name="verifyAllForgotPasswordCases" time="36.738" classname="uqmoduletestcases.UQForgotPasswordCases"/>
</testsuite> <!-- uqmoduletestcases.UQForgotPasswordCases -->
