<?xml version="1.0" encoding="UTF-8"?>
<!-- Generated by org.testng.reporters.JUnitReportReporter -->
<testsuite hostname="localhost" name="AdavanceReports.UniQreateLoginReports" tests="1" failures="0" timestamp="24 Nov 2015 08:30:15 GMT" time="22.041" errors="0">
  <testcase name="verifyUniQreateScreenshots" time="22.041" classname="AdavanceReports.UniQreateLoginReports"/>
</testsuite> <!-- AdavanceReports.UniQreateLoginReports -->
