<?xml version="1.0" encoding="UTF-8"?>
<!-- Generated by org.testng.reporters.JUnitReportReporter -->
<testsuite hostname="localhost" name="adavancereports.FindBrokenLinks" tests="1" failures="0" timestamp="22 Jan 2016 11:36:22 GMT" time="7.416" errors="0">
  <testcase name="validateInvalidLinks" time="7.416" classname="adavancereports.FindBrokenLinks"/>
</testsuite> <!-- adavancereports.FindBrokenLinks -->
