<?xml version="1.0" encoding="UTF-8"?>
<!-- Generated by org.testng.reporters.JUnitReportReporter -->
<testsuite hostname="localhost" name="uqmoduletestcases.UQCreateDeckCases" tests="1" failures="0" timestamp="13 Jan 2016 13:33:53 GMT" time="239.660" errors="0">
  <testcase name="verifyAllDeckCreationCases" time="239.660" classname="uqmoduletestcases.UQCreateDeckCases"/>
</testsuite> <!-- uqmoduletestcases.UQCreateDeckCases -->
